SF:/Users/Nikolaj/Code/I4SWT/I4SWT-DoorControlSystem/src/DoorControlSystem/Alarm.cs
FN:10,System.Void DoorControlSystem.Alarm::RaiseAlarm()
FNDA:0,System.Void DoorControlSystem.Alarm::RaiseAlarm()
DA:11,0
DA:12,0
DA:13,0
LF:3
LH:0
BRF:0
BRH:0
FNF:1
FNH:0
end_of_record
SF:/Users/Nikolaj/Code/I4SWT/I4SWT-DoorControlSystem/src/DoorControlSystem/Door.cs
FN:10,System.Void DoorControlSystem.Door::Open()
FNDA:0,System.Void DoorControlSystem.Door::Open()
DA:11,0
DA:12,0
DA:13,0
FN:15,System.Void DoorControlSystem.Door::Close()
FNDA:0,System.Void DoorControlSystem.Door::Close()
DA:16,0
DA:17,0
DA:18,0
LF:6
LH:0
BRF:0
BRH:0
FNF:2
FNH:0
end_of_record
SF:/Users/Nikolaj/Code/I4SWT/I4SWT-DoorControlSystem/src/DoorControlSystem/DoorControl.cs
FN:22,System.Void DoorControlSystem.DoorControl::RequestEntry(System.String)
FNDA:6,System.Void DoorControlSystem.DoorControl::RequestEntry(System.String)
DA:23,6
DA:24,6
DA:25,3
DA:26,3
DA:27,3
DA:28,3
DA:30,3
DA:32,3
DA:33,6
BRDA:24,15,0,3
BRDA:24,15,1,3
FN:35,System.Void DoorControlSystem.DoorControl::DoorOpen()
FNDA:1,System.Void DoorControlSystem.DoorControl::DoorOpen()
DA:36,1
DA:38,1
DA:39,1
FN:41,System.Void DoorControlSystem.DoorControl::DoorClosed()
FNDA:0,System.Void DoorControlSystem.DoorControl::DoorClosed()
DA:42,0
DA:43,0
DA:44,0
FN:46,System.Void DoorControlSystem.DoorControl::DoorOpened()
FNDA:0,System.Void DoorControlSystem.DoorControl::DoorOpened()
DA:47,0
DA:49,0
FN:9,System.Void DoorControlSystem.DoorControl::.ctor(DoorControlSystem.IDoor,DoorControlSystem.IEntryNotification,DoorControlSystem.IUserValidation)
FNDA:14,System.Void DoorControlSystem.DoorControl::.ctor(DoorControlSystem.IDoor,DoorControlSystem.IEntryNotification,DoorControlSystem.IUserValidation)
DA:10,14
DA:11,14
DA:12,14
DA:14,14
DA:15,14
DA:16,14
DA:17,14
DA:18,14
DA:19,14
LF:26
LH:21
BRF:2
BRH:2
FNF:5
FNH:3
end_of_record
SF:/Users/Nikolaj/Code/I4SWT/I4SWT-DoorControlSystem/src/DoorControlSystem/EntryNotification.cs
FN:10,System.Void DoorControlSystem.EntryNotification::NotifyEntryGranted()
FNDA:0,System.Void DoorControlSystem.EntryNotification::NotifyEntryGranted()
DA:11,0
DA:12,0
DA:13,0
FN:15,System.Void DoorControlSystem.EntryNotification::NotifyEntryDenied()
FNDA:0,System.Void DoorControlSystem.EntryNotification::NotifyEntryDenied()
DA:16,0
DA:17,0
DA:18,0
LF:6
LH:0
BRF:0
BRH:0
FNF:2
FNH:0
end_of_record
SF:/Users/Nikolaj/Code/I4SWT/I4SWT-DoorControlSystem/src/DoorControlSystem/UserValidation.cs
FN:14,System.Boolean DoorControlSystem.UserValidation::ValidateEntryRequest(System.String)
FNDA:0,System.Boolean DoorControlSystem.UserValidation::ValidateEntryRequest(System.String)
DA:15,0
DA:16,0
DA:18,0
DA:20,0
DA:21,0
DA:22,0
DA:23,0
DA:25,0
DA:26,0
BRDA:20,33,0,0
BRDA:20,33,1,0
FN:9,System.Void DoorControlSystem.UserValidation::.ctor()
FNDA:0,System.Void DoorControlSystem.UserValidation::.ctor()
DA:10,0
DA:12,0
LF:11
LH:0
BRF:2
BRH:0
FNF:2
FNH:0
end_of_record